{
  "RSpec": {
    "coverage": {
      "/Users/clare/Dropbox/projects/gilded-rose-project/spec/gilded_rose_spec.rb": [
        1,
        1,
        null,
        1,
        null,
        1,
        1,
        1,
        1,
        1,
        null,
        null,
        1,
        1,
        1,
        1,
        null,
        null,
        1,
        1,
        1,
        1,
        null,
        null,
        1,
        1,
        1,
        1,
        1,
        1,
        null,
        null,
        null,
        1,
        1,
        1,
        1,
        1,
        null,
        null,
        null,
        null,
        1,
        1,
        1,
        1,
        1,
        1,
        null,
        null,
        1,
        1,
        1,
        1,
        null,
        null,
        null,
        1,
        1,
        1,
        1,
        1,
        null,
        null,
        1,
        1,
        1,
        1,
        null,
        null,
        null,
        null,
        1,
        1,
        1,
        1,
        1,
        null,
        null,
        1,
        1,
        1,
        1,
        null,
        null,
        null,
        1,
        1,
        1,
        1,
        1,
        1,
        null,
        null,
        1,
        1,
        1,
        1,
        null,
        null,
        null,
        1,
        1,
        1,
        1,
        1,
        null,
        null,
        1,
        1,
        1,
        1,
        null,
        null,
        null,
        1,
        1,
        1,
        1,
        1,
        null,
        null,
        1,
        1,
        1,
        1,
        null,
        null,
        null,
        1,
        1,
        1,
        1,
        1,
        null,
        null,
        1,
        1,
        1,
        1,
        null,
        null,
        null,
        null,
        null
      ],
      "/Users/clare/Dropbox/projects/gilded-rose-project/lib/gilded_rose.rb": [
        1,
        null,
        1,
        19,
        null,
        null,
        1,
        19,
        19,
        7,
        4,
        2,
        null,
        null,
        null,
        12,
        9,
        9,
        6,
        5,
        4,
        null,
        null,
        6,
        3,
        2,
        null,
        null,
        null,
        null,
        null,
        19,
        17,
        null,
        19,
        7,
        5,
        3,
        1,
        1,
        null,
        null,
        null,
        2,
        null,
        null,
        2,
        1,
        null,
        null,
        null,
        null,
        null,
        null
      ],
      "/Users/clare/Dropbox/projects/gilded-rose-project/lib/item.rb": [
        null,
        null,
        1,
        1,
        null,
        1,
        19,
        19,
        19,
        null,
        null,
        1,
        0,
        null,
        null
      ]
    },
    "timestamp": 1539193639
  }
}
